c:\users\scudf\source\gamedev\tanks3d\tanks3d\debug\tanks3d.pch
c:\users\scudf\source\gamedev\tanks3d\tanks3d\debug\vc141.pdb
c:\users\scudf\source\gamedev\tanks3d\tanks3d\debug\vc141.idb
c:\users\scudf\source\gamedev\tanks3d\tanks3d\debug\stdafx.obj
c:\users\scudf\source\gamedev\tanks3d\tanks3d\debug\tanks3d.obj
c:\users\scudf\source\gamedev\tanks3d\tanks3d\debug\tankplayer.obj
c:\users\scudf\source\gamedev\tanks3d\tanks3d\debug\tankbot.obj
c:\users\scudf\source\gamedev\tanks3d\tanks3d\debug\tank.obj
c:\users\scudf\source\gamedev\tanks3d\tanks3d\debug\shader.obj
c:\users\scudf\source\gamedev\tanks3d\tanks3d\debug\pngloader.obj
c:\users\scudf\source\gamedev\tanks3d\tanks3d\debug\physicalscene.obj
c:\users\scudf\source\gamedev\tanks3d\tanks3d\debug\physicalobj.obj
c:\users\scudf\source\gamedev\tanks3d\tanks3d\debug\model.obj
c:\users\scudf\source\gamedev\tanks3d\tanks3d\debug\graphicscene.obj
c:\users\scudf\source\gamedev\tanks3d\tanks3d\debug\graphicobj.obj
c:\users\scudf\source\gamedev\tanks3d\tanks3d\debug\gamescene.obj
c:\users\scudf\source\gamedev\tanks3d\tanks3d\debug\gameobj.obj
c:\users\scudf\source\gamedev\tanks3d\tanks3d\debug\game.obj
c:\users\scudf\source\gamedev\tanks3d\tanks3d\debug\camera.obj
c:\users\scudf\source\gamedev\tanks3d\debug\tanks3d.ilk
c:\users\scudf\source\gamedev\tanks3d\debug\tanks3d.exe
c:\users\scudf\source\gamedev\tanks3d\debug\tanks3d.pdb
c:\users\scudf\source\gamedev\tanks3d\tanks3d\debug\tanks3d.tlog\cl.command.1.tlog
c:\users\scudf\source\gamedev\tanks3d\tanks3d\debug\tanks3d.tlog\cl.read.1.tlog
c:\users\scudf\source\gamedev\tanks3d\tanks3d\debug\tanks3d.tlog\cl.write.1.tlog
c:\users\scudf\source\gamedev\tanks3d\tanks3d\debug\tanks3d.tlog\link.command.1.tlog
c:\users\scudf\source\gamedev\tanks3d\tanks3d\debug\tanks3d.tlog\link.read.1.tlog
c:\users\scudf\source\gamedev\tanks3d\tanks3d\debug\tanks3d.tlog\link.write.1.tlog
